<?xml version="1.0" encoding="UTF-8"?>
<testng-results ignored="0" total="1" passed="1" failed="0" skipped="0">
  <reporter-output>
  </reporter-output>
  <suite started-at="2023-12-08T20:07:54 IST" name="Default suite" finished-at="2023-12-08T20:08:03 IST" duration-ms="8780">
    <groups>
    </groups>
    <test started-at="2023-12-08T20:07:54 IST" name="Default test" finished-at="2023-12-08T20:08:03 IST" duration-ms="8780">
      <class name="com.advic.TestLogPage">
        <test-method signature="Test()[pri:0, instance:com.advic.TestLogPage@34f5090e]" started-at="2023-12-08T20:07:54 IST" name="Test" finished-at="2023-12-08T20:08:03 IST" duration-ms="8679" status="PASS">
          <reporter-output>
          </reporter-output>
        </test-method> <!-- Test -->
      </class> <!-- com.advic.TestLogPage -->
    </test> <!-- Default test -->
  </suite> <!-- Default suite -->
</testng-results>
